<?xml version="1.0" encoding="UTF-8"?>
<!-- Generated by org.testng.reporters.JUnitReportReporter -->
<testsuite hostname="LAPTOP-6RQ1AS2M" failures="0" tests="1" name="testNG_Basics.Tolauch_DemoWorkshop" time="7.466" errors="0" timestamp="2022-11-08T14:56:22 IST" skipped="0">
  <testcase classname="testNG_Basics.Tolauch_DemoWorkshop" name="Demo" time="7.466"/>
  <system-out/>
</testsuite> <!-- testNG_Basics.Tolauch_DemoWorkshop -->
