<?xml version="1.0" encoding="UTF-8"?>
<!-- Generated by org.testng.reporters.JUnitReportReporter -->
<testsuite hostname="LAPTOP-6RQ1AS2M" failures="0" tests="1" name="testNG_Basics.UtilityNew_Selectclass" time="2.066" errors="0" timestamp="2022-11-15T11:34:00 IST" skipped="0">
  <testcase classname="testNG_Basics.UtilityNew_Selectclass" name="Advancesearch" time="2.066"/>
  <system-out/>
</testsuite> <!-- testNG_Basics.UtilityNew_Selectclass -->
