<?xml version="1.0" encoding="UTF-8"?>
<!-- Generated by org.testng.reporters.JUnitReportReporter -->
<testsuite hostname="LAPTOP-6RQ1AS2M" failures="0" tests="5" name="testNG_Basics.DataProvider_Register" time="26.847" errors="0" timestamp="2022-11-11T18:01:48 IST" skipped="0">
  <testcase classname="testNG_Basics.DataProvider_Register" name="TC1" time="6.098"/>
  <system-out/>
  <testcase classname="testNG_Basics.DataProvider_Register" name="TC1" time="5.162"/>
  <system-out/>
  <testcase classname="testNG_Basics.DataProvider_Register" name="TC1" time="5.146"/>
  <system-out/>
  <testcase classname="testNG_Basics.DataProvider_Register" name="TC1" time="4.945"/>
  <system-out/>
  <testcase classname="testNG_Basics.DataProvider_Register" name="TC1" time="5.496"/>
  <system-out/>
</testsuite> <!-- testNG_Basics.DataProvider_Register -->
