<?xml version="1.0" encoding="UTF-8"?>
<!-- Generated by org.testng.reporters.JUnitReportReporter -->
<testsuite hostname="LAPTOP-6RQ1AS2M" failures="0" tests="1" name="Test_Cases.Search_TC3" time="1.000" errors="0" timestamp="2022-11-18T12:26:06 IST" skipped="0">
  <testcase classname="Test_Cases.Search_TC3" name="TC3" time="1.000"/>
  <system-out/>
</testsuite> <!-- Test_Cases.Search_TC3 -->
