<?xml version="1.0" encoding="UTF-8"?>
<!-- Generated by org.testng.reporters.JUnitReportReporter -->
<testsuite hostname="LAPTOP-6RQ1AS2M" failures="0" tests="5" name="testNG_Basics.DataProvider" time="0.012" errors="0" timestamp="2022-11-11T16:00:11 IST" skipped="0">
  <testcase classname="testNG_Basics.DataProvider" name="testdatademo" time="0.001"/>
  <system-out/>
  <testcase classname="testNG_Basics.DataProvider" name="testdatademo" time="0.001"/>
  <system-out/>
  <testcase classname="testNG_Basics.DataProvider" name="testdatademo" time="0.001"/>
  <system-out/>
  <testcase classname="testNG_Basics.DataProvider" name="testdatademo" time="0.001"/>
  <system-out/>
  <testcase classname="testNG_Basics.DataProvider" name="testdatademo" time="0.008"/>
  <system-out/>
</testsuite> <!-- testNG_Basics.DataProvider -->
