<?xml version="1.0" encoding="UTF-8"?>
<!-- Generated by org.testng.reporters.JUnitReportReporter -->
<testsuite hostname="LAPTOP-6RQ1AS2M" failures="0" tests="1" name="testNG_Basics.ExcelDemo_Fetchdata1" time="0.568" errors="0" timestamp="2022-11-16T15:48:14 IST" skipped="0">
  <testcase classname="testNG_Basics.ExcelDemo_Fetchdata1" name="fetchdata" time="0.568"/>
  <system-out/>
</testsuite> <!-- testNG_Basics.ExcelDemo_Fetchdata1 -->
