<?xml version="1.0" encoding="UTF-8"?>
<!-- Generated by org.testng.reporters.JUnitReportReporter -->
<testsuite hostname="LAPTOP-6RQ1AS2M" failures="0" tests="2" name="pom_testcase.DWS_Login_Test" time="6.090" errors="0" timestamp="2022-11-21T17:50:30 IST" skipped="0">
  <testcase classname="pom_testcase.DWS_Login_Test" name="TC02" time="3.201"/>
  <system-out/>
  <testcase classname="pom_testcase.DWS_Login_Test" name="TC02" time="2.889"/>
  <system-out/>
</testsuite> <!-- pom_testcase.DWS_Login_Test -->
