<?xml version="1.0" encoding="UTF-8"?>
<!-- Generated by org.testng.reporters.JUnitReportReporter -->
<testsuite hostname="LAPTOP-6RQ1AS2M" failures="0" tests="1" name="testNG_Basics.ParallelExecuation_UsingXML" time="21.123" errors="0" timestamp="2022-11-11T12:25:59 IST" skipped="0">
  <testcase classname="testNG_Basics.ParallelExecuation_UsingXML" name="parallelsearch" time="21.123"/>
  <system-out/>
</testsuite> <!-- testNG_Basics.ParallelExecuation_UsingXML -->
