<?xml version="1.0" encoding="UTF-8"?>
<!-- Generated by org.testng.reporters.JUnitReportReporter -->
<testsuite hostname="LAPTOP-6RQ1AS2M" failures="0" tests="2" name="Test_Cases.Login_TC2" time="4.965" errors="0" timestamp="2022-11-18T12:26:06 IST" skipped="0">
  <testcase classname="Test_Cases.Login_TC2" name="TC2" time="2.449"/>
  <system-out/>
  <testcase classname="Test_Cases.Login_TC2" name="TC2" time="2.516"/>
  <system-out/>
</testsuite> <!-- Test_Cases.Login_TC2 -->
