<?xml version="1.0" encoding="UTF-8"?>
<!-- Generated by org.testng.reporters.JUnitReportReporter -->
<testsuite hostname="LAPTOP-6RQ1AS2M" failures="0" tests="5" name="testNG_Basics.Parallel_Execuation" time="42.871" errors="0" timestamp="2022-11-11T11:53:50 IST" skipped="0">
  <testcase classname="testNG_Basics.Parallel_Execuation" name="paralleldemo" time="20.091"/>
  <system-out/>
  <testcase classname="testNG_Basics.Parallel_Execuation" name="paralleldemo" time="5.929"/>
  <system-out/>
  <testcase classname="testNG_Basics.Parallel_Execuation" name="paralleldemo" time="5.792"/>
  <system-out/>
  <testcase classname="testNG_Basics.Parallel_Execuation" name="paralleldemo" time="5.420"/>
  <system-out/>
  <testcase classname="testNG_Basics.Parallel_Execuation" name="paralleldemo" time="5.639"/>
  <system-out/>
</testsuite> <!-- testNG_Basics.Parallel_Execuation -->
