<?xml version="1.0" encoding="UTF-8"?>
<!-- Generated by org.testng.reporters.JUnitReportReporter -->
<testsuite hostname="LAPTOP-6RQ1AS2M" failures="0" tests="1" name="pom_testcase.DWS_Digital_DownloadsTest" time="2.412" errors="0" timestamp="2022-11-21T17:50:30 IST" skipped="0">
  <testcase classname="pom_testcase.DWS_Digital_DownloadsTest" name="TC08" time="2.412"/>
  <system-out/>
</testsuite> <!-- pom_testcase.DWS_Digital_DownloadsTest -->
