<?xml version="1.0" encoding="UTF-8"?>
<!-- Generated by org.testng.reporters.JUnitReportReporter -->
<testsuite hostname="LAPTOP-6RQ1AS2M" failures="0" tests="6" name="testNG_Basics.PriorityMethod_testNG" time="0.013" errors="0" timestamp="2022-11-10T12:00:31 IST" skipped="0">
  <testcase classname="testNG_Basics.PriorityMethod_testNG" name="register" time="0.008"/>
  <system-out/>
  <testcase classname="testNG_Basics.PriorityMethod_testNG" name="login" time="0.001"/>
  <system-out/>
  <testcase classname="testNG_Basics.PriorityMethod_testNG" name="search" time="0.001"/>
  <system-out/>
  <testcase classname="testNG_Basics.PriorityMethod_testNG" name="addtocart" time="0.001"/>
  <system-out/>
  <testcase classname="testNG_Basics.PriorityMethod_testNG" name="wishlist" time="0.001"/>
  <system-out/>
  <testcase classname="testNG_Basics.PriorityMethod_testNG" name="logout" time="0.001"/>
  <system-out/>
</testsuite> <!-- testNG_Basics.PriorityMethod_testNG -->
