<?xml version="1.0" encoding="UTF-8"?>
<!-- Generated by org.testng.reporters.JUnitReportReporter -->
<testsuite hostname="LAPTOP-6RQ1AS2M" failures="0" tests="1" name="testNG_Basics.WorkingWith_Basics" time="0.023" errors="0" timestamp="2022-11-08T13:03:54 IST" skipped="0">
  <testcase classname="testNG_Basics.WorkingWith_Basics" name="Demo" time="0.023"/>
  <system-out/>
</testsuite> <!-- testNG_Basics.WorkingWith_Basics -->
