<?xml version="1.0" encoding="UTF-8"?>
<!-- Generated by org.testng.reporters.JUnitReportReporter -->
<testsuite hostname="LAPTOP-6RQ1AS2M" failures="0" tests="2" name="Flipkart_TestCases.FlipKart_Login" time="0.926" errors="0" timestamp="2022-11-18T11:59:20 IST" skipped="0">
  <testcase classname="Flipkart_TestCases.FlipKart_Login" name="TC2" time="0.419"/>
  <system-out/>
  <testcase classname="Flipkart_TestCases.FlipKart_Login" name="TC2" time="0.507"/>
  <system-out/>
</testsuite> <!-- Flipkart_TestCases.FlipKart_Login -->
