<?xml version="1.0" encoding="UTF-8"?>
<!-- Generated by org.testng.reporters.JUnitReportReporter -->
<testsuite hostname="LAPTOP-6RQ1AS2M" failures="0" tests="3" name="testNG_Basics.DataProvider_Login" time="31.403" errors="0" timestamp="2022-11-14T11:29:26 IST" skipped="0">
  <testcase classname="testNG_Basics.DataProvider_Login" name="TC2" time="6.505"/>
  <system-out/>
  <testcase classname="testNG_Basics.DataProvider_Login" name="demo" time="4.236"/>
  <system-out/>
  <testcase classname="testNG_Basics.DataProvider_Login" name="demo" time="20.662"/>
  <system-out/>
</testsuite> <!-- testNG_Basics.DataProvider_Login -->
