<?xml version="1.0" encoding="UTF-8"?>
<!-- Generated by org.testng.reporters.JUnitReportReporter -->
<testsuite hostname="LAPTOP-6RQ1AS2M" failures="0" tests="2" name="testNG_Basics.Include_testNG" time="0.011" errors="0" timestamp="2022-11-10T12:22:49 IST" skipped="0">
  <testcase classname="testNG_Basics.Include_testNG" name="login" time="0.001"/>
  <system-out/>
  <testcase classname="testNG_Basics.Include_testNG" name="register" time="0.010"/>
  <system-out/>
</testsuite> <!-- testNG_Basics.Include_testNG -->
