<?xml version="1.0" encoding="UTF-8"?>
<!-- Generated by org.testng.reporters.JUnitReportReporter -->
<testsuite hostname="LAPTOP-6RQ1AS2M" failures="0" tests="1" name="testNG_Basics.ExcelDemo_Fetchdata" time="0.547" errors="0" timestamp="2022-11-16T15:40:58 IST" skipped="0">
  <testcase classname="testNG_Basics.ExcelDemo_Fetchdata" name="FetchExcelData" time="0.547"/>
  <system-out/>
</testsuite> <!-- testNG_Basics.ExcelDemo_Fetchdata -->
