<?xml version="1.0" encoding="UTF-8"?>
<!-- Generated by org.testng.reporters.JUnitReportReporter -->
<testsuite hostname="LAPTOP-6RQ1AS2M" failures="0" tests="3" name="testNG_Basics.Exclude_testNG" time="0.012" errors="0" timestamp="2022-11-10T12:48:02 IST" skipped="0">
  <testcase classname="testNG_Basics.Exclude_testNG" name="register" time="0.010"/>
  <system-out/>
  <testcase classname="testNG_Basics.Exclude_testNG" name="login" time="0.001"/>
  <system-out/>
  <testcase classname="testNG_Basics.Exclude_testNG" name="logout" time="0.001"/>
  <system-out/>
</testsuite> <!-- testNG_Basics.Exclude_testNG -->
