<?xml version="1.0" encoding="UTF-8"?>
<!-- Generated by org.testng.reporters.JUnitReportReporter -->
<testsuite hostname="LAPTOP-6RQ1AS2M" failures="0" tests="1" name="Test_Cases.Register_TC" time="1.871" errors="0" timestamp="2022-11-18T12:26:06 IST" skipped="0">
  <testcase classname="Test_Cases.Register_TC" name="TC1" time="1.871"/>
  <system-out/>
</testsuite> <!-- Test_Cases.Register_TC -->
