<?xml version="1.0" encoding="UTF-8"?>
<!-- Generated by org.testng.reporters.JUnitReportReporter -->
<testsuite hostname="LAPTOP-6RQ1AS2M" failures="0" tests="7" name="testNG_Basics.DependsOnMethod_tstng" time="0.018" errors="0" timestamp="2022-11-10T11:15:19 IST" skipped="0">
  <testcase classname="testNG_Basics.DependsOnMethod_tstng" name="logout" time="0.001"/>
  <system-out/>
  <testcase classname="testNG_Basics.DependsOnMethod_tstng" name="logindemoworkshop" time="0.002"/>
  <system-out/>
  <testcase classname="testNG_Basics.DependsOnMethod_tstng" name="login" time="0.001"/>
  <system-out/>
  <testcase classname="testNG_Basics.DependsOnMethod_tstng" name="search" time="0.001"/>
  <system-out/>
  <testcase classname="testNG_Basics.DependsOnMethod_tstng" name="addtocart" time="0.002"/>
  <system-out/>
  <testcase classname="testNG_Basics.DependsOnMethod_tstng" name="wishlist" time="0.001"/>
  <system-out/>
  <testcase classname="testNG_Basics.DependsOnMethod_tstng" name="register" time="0.010"/>
  <system-out/>
</testsuite> <!-- testNG_Basics.DependsOnMethod_tstng -->
