<?xml version="1.0" encoding="UTF-8"?>
<!-- Generated by org.testng.reporters.JUnitReportReporter -->
<testsuite hostname="LAPTOP-6RQ1AS2M" failures="0" tests="1" name="pom_testcase.DWS_Apparel_and_shoesTest" time="5.939" errors="0" timestamp="2022-11-21T17:50:30 IST" skipped="0">
  <testcase classname="pom_testcase.DWS_Apparel_and_shoesTest" name="TC07" time="5.939"/>
  <system-out/>
</testsuite> <!-- pom_testcase.DWS_Apparel_and_shoesTest -->
