<?xml version="1.0" encoding="UTF-8"?>
<!-- Generated by org.testng.reporters.JUnitReportReporter -->
<testsuite hostname="LAPTOP-6RQ1AS2M" failures="0" tests="1" name="pom_testcase.DWS_advanceserch_Test" time="1.996" errors="0" timestamp="2022-11-21T17:50:30 IST" skipped="0">
  <testcase classname="pom_testcase.DWS_advanceserch_Test" name="TC10" time="1.996"/>
  <system-out/>
</testsuite> <!-- pom_testcase.DWS_advanceserch_Test -->
