<?xml version="1.0" encoding="UTF-8"?>
<!-- Generated by org.testng.reporters.JUnitReportReporter -->
<testsuite hostname="LAPTOP-6RQ1AS2M" failures="0" tests="1" name="pom_testcase.DWS_GiftCard_Test" time="4.770" errors="0" timestamp="2022-11-21T17:50:30 IST" skipped="0">
  <testcase classname="pom_testcase.DWS_GiftCard_Test" name="TC06" time="4.770"/>
  <system-out/>
</testsuite> <!-- pom_testcase.DWS_GiftCard_Test -->
