<?xml version="1.0" encoding="UTF-8"?>
<!-- Generated by org.testng.reporters.JUnitReportReporter -->
<testsuite hostname="LAPTOP-6RQ1AS2M" failures="0" tests="1" name="testNG_Basics.DataProvider_Login$Login_TC2" time="24.045" errors="0" timestamp="2022-11-14T10:37:48 IST" skipped="0">
  <testcase classname="testNG_Basics.DataProvider_Login$Login_TC2" name="TC2" time="24.045"/>
  <system-out/>
</testsuite> <!-- testNG_Basics.DataProvider_Login$Login_TC2 -->
