<?xml version="1.0" encoding="UTF-8"?>
<!-- Generated by org.testng.reporters.JUnitReportReporter -->
<testsuite hostname="LAPTOP-6RQ1AS2M" failures="0" tests="1" name="Test_Cases.Accessories_Click" time="0.898" errors="0" timestamp="2022-11-18T12:26:06 IST" skipped="0">
  <testcase classname="Test_Cases.Accessories_Click" name="Accessories" time="0.898"/>
  <system-out/>
</testsuite> <!-- Test_Cases.Accessories_Click -->
