<?xml version="1.0" encoding="UTF-8"?>
<!-- Generated by org.testng.reporters.JUnitReportReporter -->
<testsuite hostname="LAPTOP-6RQ1AS2M" failures="0" tests="1" name="testNG_Basics.Parameters" time="6.760" errors="0" timestamp="2022-11-11T13:14:44 IST" skipped="0">
  <testcase classname="testNG_Basics.Parameters" name="parallelsearch" time="6.760"/>
  <system-out/>
</testsuite> <!-- testNG_Basics.Parameters -->
