<?xml version="1.0" encoding="UTF-8"?>
<!-- Generated by org.testng.reporters.JUnitReportReporter -->
<testsuite hostname="LAPTOP-6RQ1AS2M" failures="0" tests="3" name="testNG_Basics.Groups1_TestNG" time="0.018" errors="0" timestamp="2022-11-10T16:26:09 IST" skipped="0">
  <testcase classname="testNG_Basics.Groups1_TestNG" name="register" time="0.014"/>
  <system-out/>
  <testcase classname="testNG_Basics.Groups1_TestNG" name="login" time="0.002"/>
  <system-out/>
  <testcase classname="testNG_Basics.Groups1_TestNG" name="search" time="0.002"/>
  <system-out/>
</testsuite> <!-- testNG_Basics.Groups1_TestNG -->
