<?xml version="1.0" encoding="UTF-8"?>
<!-- Generated by org.testng.reporters.JUnitReportReporter -->
<testsuite hostname="LAPTOP-6RQ1AS2M" failures="0" tests="1" name="testNG_Basics.Groups2_testNG" time="0.003" errors="0" timestamp="2022-11-10T16:26:09 IST" skipped="0">
  <testcase classname="testNG_Basics.Groups2_testNG" name="searchbutton" time="0.003"/>
  <system-out/>
</testsuite> <!-- testNG_Basics.Groups2_testNG -->
