<?xml version="1.0" encoding="UTF-8"?>
<!-- Generated by org.testng.reporters.JUnitReportReporter -->
<testsuite hostname="LAPTOP-6RQ1AS2M" failures="0" tests="4" name="testNG_Basics.Multiple_Methos" time="0.015" errors="0" timestamp="2022-11-09T12:28:13 IST" skipped="0">
  <testcase classname="testNG_Basics.Multiple_Methos" name="Asus" time="0.010"/>
  <system-out/>
  <testcase classname="testNG_Basics.Multiple_Methos" name="Medicalshop" time="0.001"/>
  <system-out/>
  <testcase classname="testNG_Basics.Multiple_Methos" name="ContinentalGT" time="0.002"/>
  <system-out/>
  <testcase classname="testNG_Basics.Multiple_Methos" name="WineShop" time="0.002"/>
  <system-out/>
</testsuite> <!-- testNG_Basics.Multiple_Methos -->
